<?xml version="1.0" encoding="UTF-8"?>
<!-- Generated by org.testng.reporters.JUnitReportReporter -->
<testsuite hostname="DESKTOP-QI6H2EA" failures="0" tests="1" name="com.mobile.MyFirstTest.FirstDemo" time="25.204" errors="0" timestamp="2023-02-17T12:19:36 IST" skipped="0">
  <testcase classname="com.mobile.MyFirstTest.FirstDemo" name="test" time="25.204"/>
  <system-out/>
</testsuite> <!-- com.mobile.MyFirstTest.FirstDemo -->
