<?xml version="1.0" encoding="UTF-8"?>
<!-- Generated by org.testng.reporters.JUnitReportReporter -->
<testsuite hostname="DESKTOP-QI6H2EA" failures="0" tests="1" name="com.mobile.MyFirstTest.eCommerce_tc_1" time="21.965" errors="0" timestamp="2023-02-21T15:16:57 IST" skipped="0">
  <testcase classname="com.mobile.MyFirstTest.eCommerce_tc_1" name="FillForm" time="21.965"/>
  <system-out/>
</testsuite> <!-- com.mobile.MyFirstTest.eCommerce_tc_1 -->
