<?xml version="1.0" encoding="UTF-8"?>
<!-- Generated by org.testng.reporters.JUnitReportReporter -->
<testsuite hostname="DESKTOP-QI6H2EA" failures="0" tests="1" name="com.mobile.MyFirstTest.AppTest" time="23.519" errors="0" timestamp="2023-02-21T14:20:19 IST" skipped="0">
  <testcase classname="com.mobile.MyFirstTest.AppTest" name="appiumTest" time="23.519"/>
  <system-out/>
</testsuite> <!-- com.mobile.MyFirstTest.AppTest -->
