<?xml version="1.0" encoding="UTF-8"?>
<!-- Generated by org.testng.reporters.JUnitReportReporter -->
<testsuite hostname="DESKTOP-QI6H2EA" failures="0" tests="1" name="com.mobile.MyFirstTest.eCommerce_tc_2" time="12.596" errors="0" timestamp="2023-02-20T10:04:23 IST" skipped="0">
  <testcase classname="com.mobile.MyFirstTest.eCommerce_tc_2" name="FillForm" time="12.596"/>
  <system-out/>
</testsuite> <!-- com.mobile.MyFirstTest.eCommerce_tc_2 -->
