<?xml version="1.0" encoding="UTF-8"?>
<!-- Generated by org.testng.reporters.JUnitReportReporter -->
<testsuite hostname="DESKTOP-S4VQME9" failures="0" tests="2" name="com.DataDriven" time="6.367" errors="0" timestamp="2023-10-16T15:22:56 IST" skipped="0">
  <testcase classname="com.DataDriven" name="logintest" time="3.209"/>
  <testcase classname="com.DataDriven" name="logintest" time="3.158"/>
</testsuite> <!-- com.DataDriven -->
