<?xml version="1.0" encoding="UTF-8"?>
<!-- Generated by org.testng.reporters.JUnitReportReporter -->
<testsuite hostname="DESKTOP-S4VQME9" failures="0" tests="3" name="crossbrowser.MyTest" time="9.915" errors="0" timestamp="2023-09-27T11:49:58 IST" skipped="0">
  <testcase classname="crossbrowser.MyTest" name="browserTest" time="4.120"/>
  <testcase classname="crossbrowser.MyTest" name="browserTest" time="3.514"/>
  <testcase classname="crossbrowser.MyTest" name="browserTest" time="2.281"/>
</testsuite> <!-- crossbrowser.MyTest -->
