<?xml version="1.0" encoding="UTF-8"?>
<!-- Generated by org.testng.reporters.JUnitReportReporter -->
<testsuite hostname="DESKTOP-S4VQME9" failures="0" tests="1" name="parameters.LoginTest" time="2.518" errors="0" timestamp="2023-10-04T15:26:13 IST" skipped="0">
  <testcase classname="parameters.LoginTest" name="login" time="2.518"/>
</testsuite> <!-- parameters.LoginTest -->
