<?xml version="1.0" encoding="UTF-8"?>
<!-- Generated by org.testng.reporters.JUnitReportReporter -->
<testsuite hostname="DESKTOP-S4VQME9" failures="0" tests="2" name="eshop.Payment" time="0.004" errors="0" timestamp="2023-09-20T13:12:21 IST" skipped="0">
  <testcase classname="eshop.Payment" name="creditCard" time="0.002"/>
  <testcase classname="eshop.Payment" name="COD" time="0.002"/>
</testsuite> <!-- eshop.Payment -->
