<?xml version="1.0" encoding="UTF-8"?>
<!-- Generated by org.testng.reporters.JUnitReportReporter -->
<testsuite hostname="DESKTOP-S4VQME9" failures="0" tests="4" name="basic.NewTest" time="0.013" errors="0" timestamp="2023-09-20T12:44:15 IST" skipped="1">
  <testcase classname="basic.NewTest" name="test3" time="0.010"/>
  <testcase classname="basic.NewTest" name="test4" time="0.001"/>
  <testcase classname="basic.NewTest" name="test2" time="0.002"/>
  <testcase classname="basic.NewTest" name="test1">
    <skipped/>
  </testcase> <!-- test1 -->
</testsuite> <!-- basic.NewTest -->
