<?xml version="1.0" encoding="UTF-8"?>
<!-- Generated by org.testng.reporters.JUnitReportReporter -->
<testsuite hostname="DESKTOP-S4VQME9" failures="0" tests="2" name="annotations.AnnotationExample" time="0.009" errors="0" timestamp="2023-10-04T15:12:57 IST" skipped="0">
  <testcase classname="annotations.AnnotationExample" name="test1" time="0.007"/>
  <testcase classname="annotations.AnnotationExample" name="test2" time="0.002"/>
</testsuite> <!-- annotations.AnnotationExample -->
